Created by PLY version 3.8 (http://www.dabeaz.com/ply)

Grammar

Rule 0     S' -> program
Rule 1     program -> statement ~
Rule 2     program -> statement ~ program
Rule 3     statement -> assignation
Rule 4     statement -> structure
Rule 5     statement -> SHOWMEWHATYOUGOT expression
Rule 6     structure -> WHALE ( condition ) PIF program PAF
Rule 7     structure -> JEEZ ( condition ) PIF program PAF
Rule 8     structure -> WUBBALUBBADUBDUBS ( assignation ~ condition ~ expression ) PIF program PAF
Rule 9     structure -> CANDO PIF condition PAF WHALE ( condition )
Rule 10    structure -> SCHWIFT ( IDENTIFIER ) PIF cases PAF
Rule 11    cases -> DEFAULT : program SHUTUPMORTY ~
Rule 12    cases -> HEYRICK expression : program SHUTUPMORTY ~ cases
Rule 13    condition -> expression FATTEST expression
Rule 14    condition -> expression FATTER expression
Rule 15    condition -> expression TINIEST expression
Rule 16    condition -> expression TINIER expression
Rule 17    condition -> expression IS expression
Rule 18    condition -> expression ISNOT expression
Rule 19    expression -> expression ADD_OP expression
Rule 20    expression -> expression MUL_OP expression
Rule 21    expression -> NUMBER
Rule 22    expression -> IDENTIFIER
Rule 23    expression -> ( expression )
Rule 24    expression -> ADD_OP expression
Rule 25    assignation -> HEY IDENTIFIER GOT expression ~
Rule 26    assignation -> THONG IDENTIFIER GOT expression ~
Rule 27    assignation -> ISIT IDENTIFIER GOT expression ~
Rule 28    assignation -> SCHMECKLE IDENTIFIER GOT expression ~
Rule 29    assignation -> MPFH IDENTIFIER GOT expression ~
Rule 30    assignation -> FAKE IDENTIFIER GOT expression ~
Rule 31    assignation -> IDENTIFIER GOT expression ~

Terminals, with rules where they appear

(                    : 6 7 8 9 10 23
)                    : 6 7 8 9 10 23
:                    : 11 12
ADD_OP               : 19 24
CANDO                : 9
DEFAULT              : 11
FAKE                 : 30
FATTER               : 14
FATTEST              : 13
GOT                  : 25 26 27 28 29 30 31
HEY                  : 25
HEYRICK              : 12
IDENTIFIER           : 10 22 25 26 27 28 29 30 31
IS                   : 17
ISIT                 : 27
ISNOT                : 18
JEEZ                 : 7
MPFH                 : 29
MUL_OP               : 20
NUMBER               : 21
PAF                  : 6 7 8 9 10
PIF                  : 6 7 8 9 10
SCHMECKLE            : 28
SCHWIFT              : 10
SHOWMEWHATYOUGOT     : 5
SHUTUPMORTY          : 11 12
THONG                : 26
TINIER               : 16
TINIEST              : 15
WHALE                : 6 9
WUBBALUBBADUBDUBS    : 8
error                : 
~                    : 1 2 8 8 11 12 25 26 27 28 29 30 31

Nonterminals, with rules where they appear

assignation          : 3 8
cases                : 10 12
condition            : 6 7 8 9 9
expression           : 5 8 12 13 13 14 14 15 15 16 16 17 17 18 18 19 19 20 20 23 24 25 26 27 28 29 30 31
program              : 2 6 7 8 11 12 0
statement            : 1 2
structure            : 4

Parsing method: LALR

state 0

    (0) S' -> . program
    (1) program -> . statement ~
    (2) program -> . statement ~ program
    (3) statement -> . assignation
    (4) statement -> . structure
    (5) statement -> . SHOWMEWHATYOUGOT expression
    (25) assignation -> . HEY IDENTIFIER GOT expression ~
    (26) assignation -> . THONG IDENTIFIER GOT expression ~
    (27) assignation -> . ISIT IDENTIFIER GOT expression ~
    (28) assignation -> . SCHMECKLE IDENTIFIER GOT expression ~
    (29) assignation -> . MPFH IDENTIFIER GOT expression ~
    (30) assignation -> . FAKE IDENTIFIER GOT expression ~
    (31) assignation -> . IDENTIFIER GOT expression ~
    (6) structure -> . WHALE ( condition ) PIF program PAF
    (7) structure -> . JEEZ ( condition ) PIF program PAF
    (8) structure -> . WUBBALUBBADUBDUBS ( assignation ~ condition ~ expression ) PIF program PAF
    (9) structure -> . CANDO PIF condition PAF WHALE ( condition )
    (10) structure -> . SCHWIFT ( IDENTIFIER ) PIF cases PAF

    SHOWMEWHATYOUGOT shift and go to state 2
    HEY             shift and go to state 16
    THONG           shift and go to state 14
    ISIT            shift and go to state 15
    SCHMECKLE       shift and go to state 10
    MPFH            shift and go to state 13
    FAKE            shift and go to state 3
    IDENTIFIER      shift and go to state 5
    WHALE           shift and go to state 6
    JEEZ            shift and go to state 7
    WUBBALUBBADUBDUBS shift and go to state 8
    CANDO           shift and go to state 1
    SCHWIFT         shift and go to state 12

    program                        shift and go to state 11
    structure                      shift and go to state 9
    assignation                    shift and go to state 17
    statement                      shift and go to state 4

state 1

    (9) structure -> CANDO . PIF condition PAF WHALE ( condition )

    PIF             shift and go to state 18


state 2

    (5) statement -> SHOWMEWHATYOUGOT . expression
    (19) expression -> . expression ADD_OP expression
    (20) expression -> . expression MUL_OP expression
    (21) expression -> . NUMBER
    (22) expression -> . IDENTIFIER
    (23) expression -> . ( expression )
    (24) expression -> . ADD_OP expression

    NUMBER          shift and go to state 21
    IDENTIFIER      shift and go to state 20
    (               shift and go to state 23
    ADD_OP          shift and go to state 19

    expression                     shift and go to state 22

state 3

    (30) assignation -> FAKE . IDENTIFIER GOT expression ~

    IDENTIFIER      shift and go to state 24


state 4

    (1) program -> statement . ~
    (2) program -> statement . ~ program

    ~               shift and go to state 25


state 5

    (31) assignation -> IDENTIFIER . GOT expression ~

    GOT             shift and go to state 26


state 6

    (6) structure -> WHALE . ( condition ) PIF program PAF

    (               shift and go to state 27


state 7

    (7) structure -> JEEZ . ( condition ) PIF program PAF

    (               shift and go to state 28


state 8

    (8) structure -> WUBBALUBBADUBDUBS . ( assignation ~ condition ~ expression ) PIF program PAF

    (               shift and go to state 29


state 9

    (4) statement -> structure .

    ~               reduce using rule 4 (statement -> structure .)


state 10

    (28) assignation -> SCHMECKLE . IDENTIFIER GOT expression ~

    IDENTIFIER      shift and go to state 30


state 11

    (0) S' -> program .



state 12

    (10) structure -> SCHWIFT . ( IDENTIFIER ) PIF cases PAF

    (               shift and go to state 31


state 13

    (29) assignation -> MPFH . IDENTIFIER GOT expression ~

    IDENTIFIER      shift and go to state 32


state 14

    (26) assignation -> THONG . IDENTIFIER GOT expression ~

    IDENTIFIER      shift and go to state 33


state 15

    (27) assignation -> ISIT . IDENTIFIER GOT expression ~

    IDENTIFIER      shift and go to state 34


state 16

    (25) assignation -> HEY . IDENTIFIER GOT expression ~

    IDENTIFIER      shift and go to state 35


state 17

    (3) statement -> assignation .

    ~               reduce using rule 3 (statement -> assignation .)


state 18

    (9) structure -> CANDO PIF . condition PAF WHALE ( condition )
    (13) condition -> . expression FATTEST expression
    (14) condition -> . expression FATTER expression
    (15) condition -> . expression TINIEST expression
    (16) condition -> . expression TINIER expression
    (17) condition -> . expression IS expression
    (18) condition -> . expression ISNOT expression
    (19) expression -> . expression ADD_OP expression
    (20) expression -> . expression MUL_OP expression
    (21) expression -> . NUMBER
    (22) expression -> . IDENTIFIER
    (23) expression -> . ( expression )
    (24) expression -> . ADD_OP expression

    NUMBER          shift and go to state 21
    IDENTIFIER      shift and go to state 20
    (               shift and go to state 23
    ADD_OP          shift and go to state 19

    condition                      shift and go to state 36
    expression                     shift and go to state 37

state 19

    (24) expression -> ADD_OP . expression
    (19) expression -> . expression ADD_OP expression
    (20) expression -> . expression MUL_OP expression
    (21) expression -> . NUMBER
    (22) expression -> . IDENTIFIER
    (23) expression -> . ( expression )
    (24) expression -> . ADD_OP expression

    NUMBER          shift and go to state 21
    IDENTIFIER      shift and go to state 20
    (               shift and go to state 23
    ADD_OP          shift and go to state 19

    expression                     shift and go to state 38

state 20

    (22) expression -> IDENTIFIER .

    ~               reduce using rule 22 (expression -> IDENTIFIER .)
    ADD_OP          reduce using rule 22 (expression -> IDENTIFIER .)
    MUL_OP          reduce using rule 22 (expression -> IDENTIFIER .)
    FATTEST         reduce using rule 22 (expression -> IDENTIFIER .)
    FATTER          reduce using rule 22 (expression -> IDENTIFIER .)
    TINIEST         reduce using rule 22 (expression -> IDENTIFIER .)
    TINIER          reduce using rule 22 (expression -> IDENTIFIER .)
    IS              reduce using rule 22 (expression -> IDENTIFIER .)
    ISNOT           reduce using rule 22 (expression -> IDENTIFIER .)
    PAF             reduce using rule 22 (expression -> IDENTIFIER .)
    )               reduce using rule 22 (expression -> IDENTIFIER .)
    :               reduce using rule 22 (expression -> IDENTIFIER .)


state 21

    (21) expression -> NUMBER .

    ~               reduce using rule 21 (expression -> NUMBER .)
    ADD_OP          reduce using rule 21 (expression -> NUMBER .)
    MUL_OP          reduce using rule 21 (expression -> NUMBER .)
    FATTEST         reduce using rule 21 (expression -> NUMBER .)
    FATTER          reduce using rule 21 (expression -> NUMBER .)
    TINIEST         reduce using rule 21 (expression -> NUMBER .)
    TINIER          reduce using rule 21 (expression -> NUMBER .)
    IS              reduce using rule 21 (expression -> NUMBER .)
    ISNOT           reduce using rule 21 (expression -> NUMBER .)
    PAF             reduce using rule 21 (expression -> NUMBER .)
    )               reduce using rule 21 (expression -> NUMBER .)
    :               reduce using rule 21 (expression -> NUMBER .)


state 22

    (5) statement -> SHOWMEWHATYOUGOT expression .
    (19) expression -> expression . ADD_OP expression
    (20) expression -> expression . MUL_OP expression

    ~               reduce using rule 5 (statement -> SHOWMEWHATYOUGOT expression .)
    ADD_OP          shift and go to state 39
    MUL_OP          shift and go to state 40


state 23

    (23) expression -> ( . expression )
    (19) expression -> . expression ADD_OP expression
    (20) expression -> . expression MUL_OP expression
    (21) expression -> . NUMBER
    (22) expression -> . IDENTIFIER
    (23) expression -> . ( expression )
    (24) expression -> . ADD_OP expression

    NUMBER          shift and go to state 21
    IDENTIFIER      shift and go to state 20
    (               shift and go to state 23
    ADD_OP          shift and go to state 19

    expression                     shift and go to state 41

state 24

    (30) assignation -> FAKE IDENTIFIER . GOT expression ~

    GOT             shift and go to state 42


state 25

    (1) program -> statement ~ .
    (2) program -> statement ~ . program
    (1) program -> . statement ~
    (2) program -> . statement ~ program
    (3) statement -> . assignation
    (4) statement -> . structure
    (5) statement -> . SHOWMEWHATYOUGOT expression
    (25) assignation -> . HEY IDENTIFIER GOT expression ~
    (26) assignation -> . THONG IDENTIFIER GOT expression ~
    (27) assignation -> . ISIT IDENTIFIER GOT expression ~
    (28) assignation -> . SCHMECKLE IDENTIFIER GOT expression ~
    (29) assignation -> . MPFH IDENTIFIER GOT expression ~
    (30) assignation -> . FAKE IDENTIFIER GOT expression ~
    (31) assignation -> . IDENTIFIER GOT expression ~
    (6) structure -> . WHALE ( condition ) PIF program PAF
    (7) structure -> . JEEZ ( condition ) PIF program PAF
    (8) structure -> . WUBBALUBBADUBDUBS ( assignation ~ condition ~ expression ) PIF program PAF
    (9) structure -> . CANDO PIF condition PAF WHALE ( condition )
    (10) structure -> . SCHWIFT ( IDENTIFIER ) PIF cases PAF

    $end            reduce using rule 1 (program -> statement ~ .)
    PAF             reduce using rule 1 (program -> statement ~ .)
    SHUTUPMORTY     reduce using rule 1 (program -> statement ~ .)
    SHOWMEWHATYOUGOT shift and go to state 2
    HEY             shift and go to state 16
    THONG           shift and go to state 14
    ISIT            shift and go to state 15
    SCHMECKLE       shift and go to state 10
    MPFH            shift and go to state 13
    FAKE            shift and go to state 3
    IDENTIFIER      shift and go to state 5
    WHALE           shift and go to state 6
    JEEZ            shift and go to state 7
    WUBBALUBBADUBDUBS shift and go to state 8
    CANDO           shift and go to state 1
    SCHWIFT         shift and go to state 12

    program                        shift and go to state 43
    structure                      shift and go to state 9
    assignation                    shift and go to state 17
    statement                      shift and go to state 4

state 26

    (31) assignation -> IDENTIFIER GOT . expression ~
    (19) expression -> . expression ADD_OP expression
    (20) expression -> . expression MUL_OP expression
    (21) expression -> . NUMBER
    (22) expression -> . IDENTIFIER
    (23) expression -> . ( expression )
    (24) expression -> . ADD_OP expression

    NUMBER          shift and go to state 21
    IDENTIFIER      shift and go to state 20
    (               shift and go to state 23
    ADD_OP          shift and go to state 19

    expression                     shift and go to state 44

state 27

    (6) structure -> WHALE ( . condition ) PIF program PAF
    (13) condition -> . expression FATTEST expression
    (14) condition -> . expression FATTER expression
    (15) condition -> . expression TINIEST expression
    (16) condition -> . expression TINIER expression
    (17) condition -> . expression IS expression
    (18) condition -> . expression ISNOT expression
    (19) expression -> . expression ADD_OP expression
    (20) expression -> . expression MUL_OP expression
    (21) expression -> . NUMBER
    (22) expression -> . IDENTIFIER
    (23) expression -> . ( expression )
    (24) expression -> . ADD_OP expression

    NUMBER          shift and go to state 21
    IDENTIFIER      shift and go to state 20
    (               shift and go to state 23
    ADD_OP          shift and go to state 19

    condition                      shift and go to state 45
    expression                     shift and go to state 37

state 28

    (7) structure -> JEEZ ( . condition ) PIF program PAF
    (13) condition -> . expression FATTEST expression
    (14) condition -> . expression FATTER expression
    (15) condition -> . expression TINIEST expression
    (16) condition -> . expression TINIER expression
    (17) condition -> . expression IS expression
    (18) condition -> . expression ISNOT expression
    (19) expression -> . expression ADD_OP expression
    (20) expression -> . expression MUL_OP expression
    (21) expression -> . NUMBER
    (22) expression -> . IDENTIFIER
    (23) expression -> . ( expression )
    (24) expression -> . ADD_OP expression

    NUMBER          shift and go to state 21
    IDENTIFIER      shift and go to state 20
    (               shift and go to state 23
    ADD_OP          shift and go to state 19

    condition                      shift and go to state 46
    expression                     shift and go to state 37

state 29

    (8) structure -> WUBBALUBBADUBDUBS ( . assignation ~ condition ~ expression ) PIF program PAF
    (25) assignation -> . HEY IDENTIFIER GOT expression ~
    (26) assignation -> . THONG IDENTIFIER GOT expression ~
    (27) assignation -> . ISIT IDENTIFIER GOT expression ~
    (28) assignation -> . SCHMECKLE IDENTIFIER GOT expression ~
    (29) assignation -> . MPFH IDENTIFIER GOT expression ~
    (30) assignation -> . FAKE IDENTIFIER GOT expression ~
    (31) assignation -> . IDENTIFIER GOT expression ~

    HEY             shift and go to state 16
    THONG           shift and go to state 14
    ISIT            shift and go to state 15
    SCHMECKLE       shift and go to state 10
    MPFH            shift and go to state 13
    FAKE            shift and go to state 3
    IDENTIFIER      shift and go to state 5

    assignation                    shift and go to state 47

state 30

    (28) assignation -> SCHMECKLE IDENTIFIER . GOT expression ~

    GOT             shift and go to state 48


state 31

    (10) structure -> SCHWIFT ( . IDENTIFIER ) PIF cases PAF

    IDENTIFIER      shift and go to state 49


state 32

    (29) assignation -> MPFH IDENTIFIER . GOT expression ~

    GOT             shift and go to state 50


state 33

    (26) assignation -> THONG IDENTIFIER . GOT expression ~

    GOT             shift and go to state 51


state 34

    (27) assignation -> ISIT IDENTIFIER . GOT expression ~

    GOT             shift and go to state 52


state 35

    (25) assignation -> HEY IDENTIFIER . GOT expression ~

    GOT             shift and go to state 53


state 36

    (9) structure -> CANDO PIF condition . PAF WHALE ( condition )

    PAF             shift and go to state 54


state 37

    (13) condition -> expression . FATTEST expression
    (14) condition -> expression . FATTER expression
    (15) condition -> expression . TINIEST expression
    (16) condition -> expression . TINIER expression
    (17) condition -> expression . IS expression
    (18) condition -> expression . ISNOT expression
    (19) expression -> expression . ADD_OP expression
    (20) expression -> expression . MUL_OP expression

    FATTEST         shift and go to state 60
    FATTER          shift and go to state 56
    TINIEST         shift and go to state 55
    TINIER          shift and go to state 58
    IS              shift and go to state 57
    ISNOT           shift and go to state 59
    ADD_OP          shift and go to state 39
    MUL_OP          shift and go to state 40


state 38

    (24) expression -> ADD_OP expression .
    (19) expression -> expression . ADD_OP expression
    (20) expression -> expression . MUL_OP expression

    ~               reduce using rule 24 (expression -> ADD_OP expression .)
    ADD_OP          reduce using rule 24 (expression -> ADD_OP expression .)
    MUL_OP          reduce using rule 24 (expression -> ADD_OP expression .)
    FATTEST         reduce using rule 24 (expression -> ADD_OP expression .)
    FATTER          reduce using rule 24 (expression -> ADD_OP expression .)
    TINIEST         reduce using rule 24 (expression -> ADD_OP expression .)
    TINIER          reduce using rule 24 (expression -> ADD_OP expression .)
    IS              reduce using rule 24 (expression -> ADD_OP expression .)
    ISNOT           reduce using rule 24 (expression -> ADD_OP expression .)
    PAF             reduce using rule 24 (expression -> ADD_OP expression .)
    )               reduce using rule 24 (expression -> ADD_OP expression .)
    :               reduce using rule 24 (expression -> ADD_OP expression .)

  ! ADD_OP          [ shift and go to state 39 ]
  ! MUL_OP          [ shift and go to state 40 ]


state 39

    (19) expression -> expression ADD_OP . expression
    (19) expression -> . expression ADD_OP expression
    (20) expression -> . expression MUL_OP expression
    (21) expression -> . NUMBER
    (22) expression -> . IDENTIFIER
    (23) expression -> . ( expression )
    (24) expression -> . ADD_OP expression

    NUMBER          shift and go to state 21
    IDENTIFIER      shift and go to state 20
    (               shift and go to state 23
    ADD_OP          shift and go to state 19

    expression                     shift and go to state 61

state 40

    (20) expression -> expression MUL_OP . expression
    (19) expression -> . expression ADD_OP expression
    (20) expression -> . expression MUL_OP expression
    (21) expression -> . NUMBER
    (22) expression -> . IDENTIFIER
    (23) expression -> . ( expression )
    (24) expression -> . ADD_OP expression

    NUMBER          shift and go to state 21
    IDENTIFIER      shift and go to state 20
    (               shift and go to state 23
    ADD_OP          shift and go to state 19

    expression                     shift and go to state 62

state 41

    (23) expression -> ( expression . )
    (19) expression -> expression . ADD_OP expression
    (20) expression -> expression . MUL_OP expression

    )               shift and go to state 63
    ADD_OP          shift and go to state 39
    MUL_OP          shift and go to state 40


state 42

    (30) assignation -> FAKE IDENTIFIER GOT . expression ~
    (19) expression -> . expression ADD_OP expression
    (20) expression -> . expression MUL_OP expression
    (21) expression -> . NUMBER
    (22) expression -> . IDENTIFIER
    (23) expression -> . ( expression )
    (24) expression -> . ADD_OP expression

    NUMBER          shift and go to state 21
    IDENTIFIER      shift and go to state 20
    (               shift and go to state 23
    ADD_OP          shift and go to state 19

    expression                     shift and go to state 64

state 43

    (2) program -> statement ~ program .

    $end            reduce using rule 2 (program -> statement ~ program .)
    PAF             reduce using rule 2 (program -> statement ~ program .)
    SHUTUPMORTY     reduce using rule 2 (program -> statement ~ program .)


state 44

    (31) assignation -> IDENTIFIER GOT expression . ~
    (19) expression -> expression . ADD_OP expression
    (20) expression -> expression . MUL_OP expression

    ~               shift and go to state 65
    ADD_OP          shift and go to state 39
    MUL_OP          shift and go to state 40


state 45

    (6) structure -> WHALE ( condition . ) PIF program PAF

    )               shift and go to state 66


state 46

    (7) structure -> JEEZ ( condition . ) PIF program PAF

    )               shift and go to state 67


state 47

    (8) structure -> WUBBALUBBADUBDUBS ( assignation . ~ condition ~ expression ) PIF program PAF

    ~               shift and go to state 68


state 48

    (28) assignation -> SCHMECKLE IDENTIFIER GOT . expression ~
    (19) expression -> . expression ADD_OP expression
    (20) expression -> . expression MUL_OP expression
    (21) expression -> . NUMBER
    (22) expression -> . IDENTIFIER
    (23) expression -> . ( expression )
    (24) expression -> . ADD_OP expression

    NUMBER          shift and go to state 21
    IDENTIFIER      shift and go to state 20
    (               shift and go to state 23
    ADD_OP          shift and go to state 19

    expression                     shift and go to state 69

state 49

    (10) structure -> SCHWIFT ( IDENTIFIER . ) PIF cases PAF

    )               shift and go to state 70


state 50

    (29) assignation -> MPFH IDENTIFIER GOT . expression ~
    (19) expression -> . expression ADD_OP expression
    (20) expression -> . expression MUL_OP expression
    (21) expression -> . NUMBER
    (22) expression -> . IDENTIFIER
    (23) expression -> . ( expression )
    (24) expression -> . ADD_OP expression

    NUMBER          shift and go to state 21
    IDENTIFIER      shift and go to state 20
    (               shift and go to state 23
    ADD_OP          shift and go to state 19

    expression                     shift and go to state 71

state 51

    (26) assignation -> THONG IDENTIFIER GOT . expression ~
    (19) expression -> . expression ADD_OP expression
    (20) expression -> . expression MUL_OP expression
    (21) expression -> . NUMBER
    (22) expression -> . IDENTIFIER
    (23) expression -> . ( expression )
    (24) expression -> . ADD_OP expression

    NUMBER          shift and go to state 21
    IDENTIFIER      shift and go to state 20
    (               shift and go to state 23
    ADD_OP          shift and go to state 19

    expression                     shift and go to state 72

state 52

    (27) assignation -> ISIT IDENTIFIER GOT . expression ~
    (19) expression -> . expression ADD_OP expression
    (20) expression -> . expression MUL_OP expression
    (21) expression -> . NUMBER
    (22) expression -> . IDENTIFIER
    (23) expression -> . ( expression )
    (24) expression -> . ADD_OP expression

    NUMBER          shift and go to state 21
    IDENTIFIER      shift and go to state 20
    (               shift and go to state 23
    ADD_OP          shift and go to state 19

    expression                     shift and go to state 73

state 53

    (25) assignation -> HEY IDENTIFIER GOT . expression ~
    (19) expression -> . expression ADD_OP expression
    (20) expression -> . expression MUL_OP expression
    (21) expression -> . NUMBER
    (22) expression -> . IDENTIFIER
    (23) expression -> . ( expression )
    (24) expression -> . ADD_OP expression

    NUMBER          shift and go to state 21
    IDENTIFIER      shift and go to state 20
    (               shift and go to state 23
    ADD_OP          shift and go to state 19

    expression                     shift and go to state 74

state 54

    (9) structure -> CANDO PIF condition PAF . WHALE ( condition )

    WHALE           shift and go to state 75


state 55

    (15) condition -> expression TINIEST . expression
    (19) expression -> . expression ADD_OP expression
    (20) expression -> . expression MUL_OP expression
    (21) expression -> . NUMBER
    (22) expression -> . IDENTIFIER
    (23) expression -> . ( expression )
    (24) expression -> . ADD_OP expression

    NUMBER          shift and go to state 21
    IDENTIFIER      shift and go to state 20
    (               shift and go to state 23
    ADD_OP          shift and go to state 19

    expression                     shift and go to state 76

state 56

    (14) condition -> expression FATTER . expression
    (19) expression -> . expression ADD_OP expression
    (20) expression -> . expression MUL_OP expression
    (21) expression -> . NUMBER
    (22) expression -> . IDENTIFIER
    (23) expression -> . ( expression )
    (24) expression -> . ADD_OP expression

    NUMBER          shift and go to state 21
    IDENTIFIER      shift and go to state 20
    (               shift and go to state 23
    ADD_OP          shift and go to state 19

    expression                     shift and go to state 77

state 57

    (17) condition -> expression IS . expression
    (19) expression -> . expression ADD_OP expression
    (20) expression -> . expression MUL_OP expression
    (21) expression -> . NUMBER
    (22) expression -> . IDENTIFIER
    (23) expression -> . ( expression )
    (24) expression -> . ADD_OP expression

    NUMBER          shift and go to state 21
    IDENTIFIER      shift and go to state 20
    (               shift and go to state 23
    ADD_OP          shift and go to state 19

    expression                     shift and go to state 78

state 58

    (16) condition -> expression TINIER . expression
    (19) expression -> . expression ADD_OP expression
    (20) expression -> . expression MUL_OP expression
    (21) expression -> . NUMBER
    (22) expression -> . IDENTIFIER
    (23) expression -> . ( expression )
    (24) expression -> . ADD_OP expression

    NUMBER          shift and go to state 21
    IDENTIFIER      shift and go to state 20
    (               shift and go to state 23
    ADD_OP          shift and go to state 19

    expression                     shift and go to state 79

state 59

    (18) condition -> expression ISNOT . expression
    (19) expression -> . expression ADD_OP expression
    (20) expression -> . expression MUL_OP expression
    (21) expression -> . NUMBER
    (22) expression -> . IDENTIFIER
    (23) expression -> . ( expression )
    (24) expression -> . ADD_OP expression

    NUMBER          shift and go to state 21
    IDENTIFIER      shift and go to state 20
    (               shift and go to state 23
    ADD_OP          shift and go to state 19

    expression                     shift and go to state 80

state 60

    (13) condition -> expression FATTEST . expression
    (19) expression -> . expression ADD_OP expression
    (20) expression -> . expression MUL_OP expression
    (21) expression -> . NUMBER
    (22) expression -> . IDENTIFIER
    (23) expression -> . ( expression )
    (24) expression -> . ADD_OP expression

    NUMBER          shift and go to state 21
    IDENTIFIER      shift and go to state 20
    (               shift and go to state 23
    ADD_OP          shift and go to state 19

    expression                     shift and go to state 81

state 61

    (19) expression -> expression ADD_OP expression .
    (19) expression -> expression . ADD_OP expression
    (20) expression -> expression . MUL_OP expression

    ~               reduce using rule 19 (expression -> expression ADD_OP expression .)
    ADD_OP          reduce using rule 19 (expression -> expression ADD_OP expression .)
    FATTEST         reduce using rule 19 (expression -> expression ADD_OP expression .)
    FATTER          reduce using rule 19 (expression -> expression ADD_OP expression .)
    TINIEST         reduce using rule 19 (expression -> expression ADD_OP expression .)
    TINIER          reduce using rule 19 (expression -> expression ADD_OP expression .)
    IS              reduce using rule 19 (expression -> expression ADD_OP expression .)
    ISNOT           reduce using rule 19 (expression -> expression ADD_OP expression .)
    PAF             reduce using rule 19 (expression -> expression ADD_OP expression .)
    )               reduce using rule 19 (expression -> expression ADD_OP expression .)
    :               reduce using rule 19 (expression -> expression ADD_OP expression .)
    MUL_OP          shift and go to state 40

  ! MUL_OP          [ reduce using rule 19 (expression -> expression ADD_OP expression .) ]
  ! ADD_OP          [ shift and go to state 39 ]


state 62

    (20) expression -> expression MUL_OP expression .
    (19) expression -> expression . ADD_OP expression
    (20) expression -> expression . MUL_OP expression

    ~               reduce using rule 20 (expression -> expression MUL_OP expression .)
    ADD_OP          reduce using rule 20 (expression -> expression MUL_OP expression .)
    MUL_OP          reduce using rule 20 (expression -> expression MUL_OP expression .)
    FATTEST         reduce using rule 20 (expression -> expression MUL_OP expression .)
    FATTER          reduce using rule 20 (expression -> expression MUL_OP expression .)
    TINIEST         reduce using rule 20 (expression -> expression MUL_OP expression .)
    TINIER          reduce using rule 20 (expression -> expression MUL_OP expression .)
    IS              reduce using rule 20 (expression -> expression MUL_OP expression .)
    ISNOT           reduce using rule 20 (expression -> expression MUL_OP expression .)
    PAF             reduce using rule 20 (expression -> expression MUL_OP expression .)
    )               reduce using rule 20 (expression -> expression MUL_OP expression .)
    :               reduce using rule 20 (expression -> expression MUL_OP expression .)

  ! ADD_OP          [ shift and go to state 39 ]
  ! MUL_OP          [ shift and go to state 40 ]


state 63

    (23) expression -> ( expression ) .

    ~               reduce using rule 23 (expression -> ( expression ) .)
    ADD_OP          reduce using rule 23 (expression -> ( expression ) .)
    MUL_OP          reduce using rule 23 (expression -> ( expression ) .)
    FATTEST         reduce using rule 23 (expression -> ( expression ) .)
    FATTER          reduce using rule 23 (expression -> ( expression ) .)
    TINIEST         reduce using rule 23 (expression -> ( expression ) .)
    TINIER          reduce using rule 23 (expression -> ( expression ) .)
    IS              reduce using rule 23 (expression -> ( expression ) .)
    ISNOT           reduce using rule 23 (expression -> ( expression ) .)
    PAF             reduce using rule 23 (expression -> ( expression ) .)
    )               reduce using rule 23 (expression -> ( expression ) .)
    :               reduce using rule 23 (expression -> ( expression ) .)


state 64

    (30) assignation -> FAKE IDENTIFIER GOT expression . ~
    (19) expression -> expression . ADD_OP expression
    (20) expression -> expression . MUL_OP expression

    ~               shift and go to state 82
    ADD_OP          shift and go to state 39
    MUL_OP          shift and go to state 40


state 65

    (31) assignation -> IDENTIFIER GOT expression ~ .

    ~               reduce using rule 31 (assignation -> IDENTIFIER GOT expression ~ .)


state 66

    (6) structure -> WHALE ( condition ) . PIF program PAF

    PIF             shift and go to state 83


state 67

    (7) structure -> JEEZ ( condition ) . PIF program PAF

    PIF             shift and go to state 84


state 68

    (8) structure -> WUBBALUBBADUBDUBS ( assignation ~ . condition ~ expression ) PIF program PAF
    (13) condition -> . expression FATTEST expression
    (14) condition -> . expression FATTER expression
    (15) condition -> . expression TINIEST expression
    (16) condition -> . expression TINIER expression
    (17) condition -> . expression IS expression
    (18) condition -> . expression ISNOT expression
    (19) expression -> . expression ADD_OP expression
    (20) expression -> . expression MUL_OP expression
    (21) expression -> . NUMBER
    (22) expression -> . IDENTIFIER
    (23) expression -> . ( expression )
    (24) expression -> . ADD_OP expression

    NUMBER          shift and go to state 21
    IDENTIFIER      shift and go to state 20
    (               shift and go to state 23
    ADD_OP          shift and go to state 19

    condition                      shift and go to state 85
    expression                     shift and go to state 37

state 69

    (28) assignation -> SCHMECKLE IDENTIFIER GOT expression . ~
    (19) expression -> expression . ADD_OP expression
    (20) expression -> expression . MUL_OP expression

    ~               shift and go to state 86
    ADD_OP          shift and go to state 39
    MUL_OP          shift and go to state 40


state 70

    (10) structure -> SCHWIFT ( IDENTIFIER ) . PIF cases PAF

    PIF             shift and go to state 87


state 71

    (29) assignation -> MPFH IDENTIFIER GOT expression . ~
    (19) expression -> expression . ADD_OP expression
    (20) expression -> expression . MUL_OP expression

    ~               shift and go to state 88
    ADD_OP          shift and go to state 39
    MUL_OP          shift and go to state 40


state 72

    (26) assignation -> THONG IDENTIFIER GOT expression . ~
    (19) expression -> expression . ADD_OP expression
    (20) expression -> expression . MUL_OP expression

    ~               shift and go to state 89
    ADD_OP          shift and go to state 39
    MUL_OP          shift and go to state 40


state 73

    (27) assignation -> ISIT IDENTIFIER GOT expression . ~
    (19) expression -> expression . ADD_OP expression
    (20) expression -> expression . MUL_OP expression

    ~               shift and go to state 90
    ADD_OP          shift and go to state 39
    MUL_OP          shift and go to state 40


state 74

    (25) assignation -> HEY IDENTIFIER GOT expression . ~
    (19) expression -> expression . ADD_OP expression
    (20) expression -> expression . MUL_OP expression

    ~               shift and go to state 91
    ADD_OP          shift and go to state 39
    MUL_OP          shift and go to state 40


state 75

    (9) structure -> CANDO PIF condition PAF WHALE . ( condition )

    (               shift and go to state 92


state 76

    (15) condition -> expression TINIEST expression .
    (19) expression -> expression . ADD_OP expression
    (20) expression -> expression . MUL_OP expression

    ~               reduce using rule 15 (condition -> expression TINIEST expression .)
    )               reduce using rule 15 (condition -> expression TINIEST expression .)
    PAF             reduce using rule 15 (condition -> expression TINIEST expression .)
    ADD_OP          shift and go to state 39
    MUL_OP          shift and go to state 40


state 77

    (14) condition -> expression FATTER expression .
    (19) expression -> expression . ADD_OP expression
    (20) expression -> expression . MUL_OP expression

    ~               reduce using rule 14 (condition -> expression FATTER expression .)
    )               reduce using rule 14 (condition -> expression FATTER expression .)
    PAF             reduce using rule 14 (condition -> expression FATTER expression .)
    ADD_OP          shift and go to state 39
    MUL_OP          shift and go to state 40


state 78

    (17) condition -> expression IS expression .
    (19) expression -> expression . ADD_OP expression
    (20) expression -> expression . MUL_OP expression

    ~               reduce using rule 17 (condition -> expression IS expression .)
    )               reduce using rule 17 (condition -> expression IS expression .)
    PAF             reduce using rule 17 (condition -> expression IS expression .)
    ADD_OP          shift and go to state 39
    MUL_OP          shift and go to state 40


state 79

    (16) condition -> expression TINIER expression .
    (19) expression -> expression . ADD_OP expression
    (20) expression -> expression . MUL_OP expression

    ~               reduce using rule 16 (condition -> expression TINIER expression .)
    )               reduce using rule 16 (condition -> expression TINIER expression .)
    PAF             reduce using rule 16 (condition -> expression TINIER expression .)
    ADD_OP          shift and go to state 39
    MUL_OP          shift and go to state 40


state 80

    (18) condition -> expression ISNOT expression .
    (19) expression -> expression . ADD_OP expression
    (20) expression -> expression . MUL_OP expression

    ~               reduce using rule 18 (condition -> expression ISNOT expression .)
    )               reduce using rule 18 (condition -> expression ISNOT expression .)
    PAF             reduce using rule 18 (condition -> expression ISNOT expression .)
    ADD_OP          shift and go to state 39
    MUL_OP          shift and go to state 40


state 81

    (13) condition -> expression FATTEST expression .
    (19) expression -> expression . ADD_OP expression
    (20) expression -> expression . MUL_OP expression

    ~               reduce using rule 13 (condition -> expression FATTEST expression .)
    )               reduce using rule 13 (condition -> expression FATTEST expression .)
    PAF             reduce using rule 13 (condition -> expression FATTEST expression .)
    ADD_OP          shift and go to state 39
    MUL_OP          shift and go to state 40


state 82

    (30) assignation -> FAKE IDENTIFIER GOT expression ~ .

    ~               reduce using rule 30 (assignation -> FAKE IDENTIFIER GOT expression ~ .)


state 83

    (6) structure -> WHALE ( condition ) PIF . program PAF
    (1) program -> . statement ~
    (2) program -> . statement ~ program
    (3) statement -> . assignation
    (4) statement -> . structure
    (5) statement -> . SHOWMEWHATYOUGOT expression
    (25) assignation -> . HEY IDENTIFIER GOT expression ~
    (26) assignation -> . THONG IDENTIFIER GOT expression ~
    (27) assignation -> . ISIT IDENTIFIER GOT expression ~
    (28) assignation -> . SCHMECKLE IDENTIFIER GOT expression ~
    (29) assignation -> . MPFH IDENTIFIER GOT expression ~
    (30) assignation -> . FAKE IDENTIFIER GOT expression ~
    (31) assignation -> . IDENTIFIER GOT expression ~
    (6) structure -> . WHALE ( condition ) PIF program PAF
    (7) structure -> . JEEZ ( condition ) PIF program PAF
    (8) structure -> . WUBBALUBBADUBDUBS ( assignation ~ condition ~ expression ) PIF program PAF
    (9) structure -> . CANDO PIF condition PAF WHALE ( condition )
    (10) structure -> . SCHWIFT ( IDENTIFIER ) PIF cases PAF

    SHOWMEWHATYOUGOT shift and go to state 2
    HEY             shift and go to state 16
    THONG           shift and go to state 14
    ISIT            shift and go to state 15
    SCHMECKLE       shift and go to state 10
    MPFH            shift and go to state 13
    FAKE            shift and go to state 3
    IDENTIFIER      shift and go to state 5
    WHALE           shift and go to state 6
    JEEZ            shift and go to state 7
    WUBBALUBBADUBDUBS shift and go to state 8
    CANDO           shift and go to state 1
    SCHWIFT         shift and go to state 12

    program                        shift and go to state 93
    structure                      shift and go to state 9
    assignation                    shift and go to state 17
    statement                      shift and go to state 4

state 84

    (7) structure -> JEEZ ( condition ) PIF . program PAF
    (1) program -> . statement ~
    (2) program -> . statement ~ program
    (3) statement -> . assignation
    (4) statement -> . structure
    (5) statement -> . SHOWMEWHATYOUGOT expression
    (25) assignation -> . HEY IDENTIFIER GOT expression ~
    (26) assignation -> . THONG IDENTIFIER GOT expression ~
    (27) assignation -> . ISIT IDENTIFIER GOT expression ~
    (28) assignation -> . SCHMECKLE IDENTIFIER GOT expression ~
    (29) assignation -> . MPFH IDENTIFIER GOT expression ~
    (30) assignation -> . FAKE IDENTIFIER GOT expression ~
    (31) assignation -> . IDENTIFIER GOT expression ~
    (6) structure -> . WHALE ( condition ) PIF program PAF
    (7) structure -> . JEEZ ( condition ) PIF program PAF
    (8) structure -> . WUBBALUBBADUBDUBS ( assignation ~ condition ~ expression ) PIF program PAF
    (9) structure -> . CANDO PIF condition PAF WHALE ( condition )
    (10) structure -> . SCHWIFT ( IDENTIFIER ) PIF cases PAF

    SHOWMEWHATYOUGOT shift and go to state 2
    HEY             shift and go to state 16
    THONG           shift and go to state 14
    ISIT            shift and go to state 15
    SCHMECKLE       shift and go to state 10
    MPFH            shift and go to state 13
    FAKE            shift and go to state 3
    IDENTIFIER      shift and go to state 5
    WHALE           shift and go to state 6
    JEEZ            shift and go to state 7
    WUBBALUBBADUBDUBS shift and go to state 8
    CANDO           shift and go to state 1
    SCHWIFT         shift and go to state 12

    program                        shift and go to state 94
    structure                      shift and go to state 9
    assignation                    shift and go to state 17
    statement                      shift and go to state 4

state 85

    (8) structure -> WUBBALUBBADUBDUBS ( assignation ~ condition . ~ expression ) PIF program PAF

    ~               shift and go to state 95


state 86

    (28) assignation -> SCHMECKLE IDENTIFIER GOT expression ~ .

    ~               reduce using rule 28 (assignation -> SCHMECKLE IDENTIFIER GOT expression ~ .)


state 87

    (10) structure -> SCHWIFT ( IDENTIFIER ) PIF . cases PAF
    (11) cases -> . DEFAULT : program SHUTUPMORTY ~
    (12) cases -> . HEYRICK expression : program SHUTUPMORTY ~ cases

    DEFAULT         shift and go to state 97
    HEYRICK         shift and go to state 96

    cases                          shift and go to state 98

state 88

    (29) assignation -> MPFH IDENTIFIER GOT expression ~ .

    ~               reduce using rule 29 (assignation -> MPFH IDENTIFIER GOT expression ~ .)


state 89

    (26) assignation -> THONG IDENTIFIER GOT expression ~ .

    ~               reduce using rule 26 (assignation -> THONG IDENTIFIER GOT expression ~ .)


state 90

    (27) assignation -> ISIT IDENTIFIER GOT expression ~ .

    ~               reduce using rule 27 (assignation -> ISIT IDENTIFIER GOT expression ~ .)


state 91

    (25) assignation -> HEY IDENTIFIER GOT expression ~ .

    ~               reduce using rule 25 (assignation -> HEY IDENTIFIER GOT expression ~ .)


state 92

    (9) structure -> CANDO PIF condition PAF WHALE ( . condition )
    (13) condition -> . expression FATTEST expression
    (14) condition -> . expression FATTER expression
    (15) condition -> . expression TINIEST expression
    (16) condition -> . expression TINIER expression
    (17) condition -> . expression IS expression
    (18) condition -> . expression ISNOT expression
    (19) expression -> . expression ADD_OP expression
    (20) expression -> . expression MUL_OP expression
    (21) expression -> . NUMBER
    (22) expression -> . IDENTIFIER
    (23) expression -> . ( expression )
    (24) expression -> . ADD_OP expression

    NUMBER          shift and go to state 21
    IDENTIFIER      shift and go to state 20
    (               shift and go to state 23
    ADD_OP          shift and go to state 19

    condition                      shift and go to state 99
    expression                     shift and go to state 37

state 93

    (6) structure -> WHALE ( condition ) PIF program . PAF

    PAF             shift and go to state 100


state 94

    (7) structure -> JEEZ ( condition ) PIF program . PAF

    PAF             shift and go to state 101


state 95

    (8) structure -> WUBBALUBBADUBDUBS ( assignation ~ condition ~ . expression ) PIF program PAF
    (19) expression -> . expression ADD_OP expression
    (20) expression -> . expression MUL_OP expression
    (21) expression -> . NUMBER
    (22) expression -> . IDENTIFIER
    (23) expression -> . ( expression )
    (24) expression -> . ADD_OP expression

    NUMBER          shift and go to state 21
    IDENTIFIER      shift and go to state 20
    (               shift and go to state 23
    ADD_OP          shift and go to state 19

    expression                     shift and go to state 102

state 96

    (12) cases -> HEYRICK . expression : program SHUTUPMORTY ~ cases
    (19) expression -> . expression ADD_OP expression
    (20) expression -> . expression MUL_OP expression
    (21) expression -> . NUMBER
    (22) expression -> . IDENTIFIER
    (23) expression -> . ( expression )
    (24) expression -> . ADD_OP expression

    NUMBER          shift and go to state 21
    IDENTIFIER      shift and go to state 20
    (               shift and go to state 23
    ADD_OP          shift and go to state 19

    expression                     shift and go to state 103

state 97

    (11) cases -> DEFAULT . : program SHUTUPMORTY ~

    :               shift and go to state 104


state 98

    (10) structure -> SCHWIFT ( IDENTIFIER ) PIF cases . PAF

    PAF             shift and go to state 105


state 99

    (9) structure -> CANDO PIF condition PAF WHALE ( condition . )

    )               shift and go to state 106


state 100

    (6) structure -> WHALE ( condition ) PIF program PAF .

    ~               reduce using rule 6 (structure -> WHALE ( condition ) PIF program PAF .)


state 101

    (7) structure -> JEEZ ( condition ) PIF program PAF .

    ~               reduce using rule 7 (structure -> JEEZ ( condition ) PIF program PAF .)


state 102

    (8) structure -> WUBBALUBBADUBDUBS ( assignation ~ condition ~ expression . ) PIF program PAF
    (19) expression -> expression . ADD_OP expression
    (20) expression -> expression . MUL_OP expression

    )               shift and go to state 107
    ADD_OP          shift and go to state 39
    MUL_OP          shift and go to state 40


state 103

    (12) cases -> HEYRICK expression . : program SHUTUPMORTY ~ cases
    (19) expression -> expression . ADD_OP expression
    (20) expression -> expression . MUL_OP expression

    :               shift and go to state 108
    ADD_OP          shift and go to state 39
    MUL_OP          shift and go to state 40


state 104

    (11) cases -> DEFAULT : . program SHUTUPMORTY ~
    (1) program -> . statement ~
    (2) program -> . statement ~ program
    (3) statement -> . assignation
    (4) statement -> . structure
    (5) statement -> . SHOWMEWHATYOUGOT expression
    (25) assignation -> . HEY IDENTIFIER GOT expression ~
    (26) assignation -> . THONG IDENTIFIER GOT expression ~
    (27) assignation -> . ISIT IDENTIFIER GOT expression ~
    (28) assignation -> . SCHMECKLE IDENTIFIER GOT expression ~
    (29) assignation -> . MPFH IDENTIFIER GOT expression ~
    (30) assignation -> . FAKE IDENTIFIER GOT expression ~
    (31) assignation -> . IDENTIFIER GOT expression ~
    (6) structure -> . WHALE ( condition ) PIF program PAF
    (7) structure -> . JEEZ ( condition ) PIF program PAF
    (8) structure -> . WUBBALUBBADUBDUBS ( assignation ~ condition ~ expression ) PIF program PAF
    (9) structure -> . CANDO PIF condition PAF WHALE ( condition )
    (10) structure -> . SCHWIFT ( IDENTIFIER ) PIF cases PAF

    SHOWMEWHATYOUGOT shift and go to state 2
    HEY             shift and go to state 16
    THONG           shift and go to state 14
    ISIT            shift and go to state 15
    SCHMECKLE       shift and go to state 10
    MPFH            shift and go to state 13
    FAKE            shift and go to state 3
    IDENTIFIER      shift and go to state 5
    WHALE           shift and go to state 6
    JEEZ            shift and go to state 7
    WUBBALUBBADUBDUBS shift and go to state 8
    CANDO           shift and go to state 1
    SCHWIFT         shift and go to state 12

    program                        shift and go to state 109
    structure                      shift and go to state 9
    assignation                    shift and go to state 17
    statement                      shift and go to state 4

state 105

    (10) structure -> SCHWIFT ( IDENTIFIER ) PIF cases PAF .

    ~               reduce using rule 10 (structure -> SCHWIFT ( IDENTIFIER ) PIF cases PAF .)


state 106

    (9) structure -> CANDO PIF condition PAF WHALE ( condition ) .

    ~               reduce using rule 9 (structure -> CANDO PIF condition PAF WHALE ( condition ) .)


state 107

    (8) structure -> WUBBALUBBADUBDUBS ( assignation ~ condition ~ expression ) . PIF program PAF

    PIF             shift and go to state 110


state 108

    (12) cases -> HEYRICK expression : . program SHUTUPMORTY ~ cases
    (1) program -> . statement ~
    (2) program -> . statement ~ program
    (3) statement -> . assignation
    (4) statement -> . structure
    (5) statement -> . SHOWMEWHATYOUGOT expression
    (25) assignation -> . HEY IDENTIFIER GOT expression ~
    (26) assignation -> . THONG IDENTIFIER GOT expression ~
    (27) assignation -> . ISIT IDENTIFIER GOT expression ~
    (28) assignation -> . SCHMECKLE IDENTIFIER GOT expression ~
    (29) assignation -> . MPFH IDENTIFIER GOT expression ~
    (30) assignation -> . FAKE IDENTIFIER GOT expression ~
    (31) assignation -> . IDENTIFIER GOT expression ~
    (6) structure -> . WHALE ( condition ) PIF program PAF
    (7) structure -> . JEEZ ( condition ) PIF program PAF
    (8) structure -> . WUBBALUBBADUBDUBS ( assignation ~ condition ~ expression ) PIF program PAF
    (9) structure -> . CANDO PIF condition PAF WHALE ( condition )
    (10) structure -> . SCHWIFT ( IDENTIFIER ) PIF cases PAF

    SHOWMEWHATYOUGOT shift and go to state 2
    HEY             shift and go to state 16
    THONG           shift and go to state 14
    ISIT            shift and go to state 15
    SCHMECKLE       shift and go to state 10
    MPFH            shift and go to state 13
    FAKE            shift and go to state 3
    IDENTIFIER      shift and go to state 5
    WHALE           shift and go to state 6
    JEEZ            shift and go to state 7
    WUBBALUBBADUBDUBS shift and go to state 8
    CANDO           shift and go to state 1
    SCHWIFT         shift and go to state 12

    program                        shift and go to state 111
    structure                      shift and go to state 9
    assignation                    shift and go to state 17
    statement                      shift and go to state 4

state 109

    (11) cases -> DEFAULT : program . SHUTUPMORTY ~

    SHUTUPMORTY     shift and go to state 112


state 110

    (8) structure -> WUBBALUBBADUBDUBS ( assignation ~ condition ~ expression ) PIF . program PAF
    (1) program -> . statement ~
    (2) program -> . statement ~ program
    (3) statement -> . assignation
    (4) statement -> . structure
    (5) statement -> . SHOWMEWHATYOUGOT expression
    (25) assignation -> . HEY IDENTIFIER GOT expression ~
    (26) assignation -> . THONG IDENTIFIER GOT expression ~
    (27) assignation -> . ISIT IDENTIFIER GOT expression ~
    (28) assignation -> . SCHMECKLE IDENTIFIER GOT expression ~
    (29) assignation -> . MPFH IDENTIFIER GOT expression ~
    (30) assignation -> . FAKE IDENTIFIER GOT expression ~
    (31) assignation -> . IDENTIFIER GOT expression ~
    (6) structure -> . WHALE ( condition ) PIF program PAF
    (7) structure -> . JEEZ ( condition ) PIF program PAF
    (8) structure -> . WUBBALUBBADUBDUBS ( assignation ~ condition ~ expression ) PIF program PAF
    (9) structure -> . CANDO PIF condition PAF WHALE ( condition )
    (10) structure -> . SCHWIFT ( IDENTIFIER ) PIF cases PAF

    SHOWMEWHATYOUGOT shift and go to state 2
    HEY             shift and go to state 16
    THONG           shift and go to state 14
    ISIT            shift and go to state 15
    SCHMECKLE       shift and go to state 10
    MPFH            shift and go to state 13
    FAKE            shift and go to state 3
    IDENTIFIER      shift and go to state 5
    WHALE           shift and go to state 6
    JEEZ            shift and go to state 7
    WUBBALUBBADUBDUBS shift and go to state 8
    CANDO           shift and go to state 1
    SCHWIFT         shift and go to state 12

    program                        shift and go to state 113
    structure                      shift and go to state 9
    assignation                    shift and go to state 17
    statement                      shift and go to state 4

state 111

    (12) cases -> HEYRICK expression : program . SHUTUPMORTY ~ cases

    SHUTUPMORTY     shift and go to state 114


state 112

    (11) cases -> DEFAULT : program SHUTUPMORTY . ~

    ~               shift and go to state 115


state 113

    (8) structure -> WUBBALUBBADUBDUBS ( assignation ~ condition ~ expression ) PIF program . PAF

    PAF             shift and go to state 116


state 114

    (12) cases -> HEYRICK expression : program SHUTUPMORTY . ~ cases

    ~               shift and go to state 117


state 115

    (11) cases -> DEFAULT : program SHUTUPMORTY ~ .

    PAF             reduce using rule 11 (cases -> DEFAULT : program SHUTUPMORTY ~ .)


state 116

    (8) structure -> WUBBALUBBADUBDUBS ( assignation ~ condition ~ expression ) PIF program PAF .

    ~               reduce using rule 8 (structure -> WUBBALUBBADUBDUBS ( assignation ~ condition ~ expression ) PIF program PAF .)


state 117

    (12) cases -> HEYRICK expression : program SHUTUPMORTY ~ . cases
    (11) cases -> . DEFAULT : program SHUTUPMORTY ~
    (12) cases -> . HEYRICK expression : program SHUTUPMORTY ~ cases

    DEFAULT         shift and go to state 97
    HEYRICK         shift and go to state 96

    cases                          shift and go to state 118

state 118

    (12) cases -> HEYRICK expression : program SHUTUPMORTY ~ cases .

    PAF             reduce using rule 12 (cases -> HEYRICK expression : program SHUTUPMORTY ~ cases .)

